build/app/intermediates/manifest_merge_blame_file/release/manifest-merger-blame-release-report.txt
1<?xml version="1.0" encoding="utf-8"?>
2<manifest xmlns:android="http://schemas.android.com/apk/res/android"
3    package="com.example.flutter2_contact_picker"
4    android:versionCode="1"
5    android:versionName="1.0.0" >
6
7    <uses-sdk
8        android:minSdkVersion="16"
8-->src/main/AndroidManifest.xml
9        android:targetSdkVersion="30" />
9-->src/main/AndroidManifest.xml
10    <!-- for vibration motor -->
11    <uses-permission android:name="android.permission.VIBRATE" />
11-->src/main/AndroidManifest.xml:4:5-65
11-->src/main/AndroidManifest.xml:4:22-63
12
13    <!-- Permissions options for the `contacts` group -->
14    <!-- For the contact picker that can also create contacts -->
15    <uses-permission android:name="android.permission.READ_CONTACTS" />
15-->src/main/AndroidManifest.xml:8:5-71
15-->src/main/AndroidManifest.xml:8:22-69
16    <uses-permission android:name="android.permission.WRITE_CONTACTS" />
16-->src/main/AndroidManifest.xml:9:5-72
16-->src/main/AndroidManifest.xml:9:22-70
17    <uses-permission android:name="android.permission.GET_ACCOUNTS" />
17-->src/main/AndroidManifest.xml:10:5-70
17-->src/main/AndroidManifest.xml:10:22-68
18
19    <!-- Permissions options for the `camera` group -->
20    <!-- For taking a picture for a new contact -->
21    <uses-permission android:name="android.permission.CAMERA" />
21-->src/main/AndroidManifest.xml:14:5-64
21-->src/main/AndroidManifest.xml:14:22-62
22
23    <queries>
23-->[:contacts_service] AndroidManifest.xml:11:5-24:15
24        <intent>
24-->[:contacts_service] AndroidManifest.xml:12:9-14:18
25            <action android:name="android.accounts.AccountAuthenticator" />
25-->[:contacts_service] AndroidManifest.xml:13:13-76
25-->[:contacts_service] AndroidManifest.xml:13:21-73
26        </intent>
27        <!-- Allows the app to load an icon corresponding to the custom MIME type. -->
28        <intent>
28-->[:contacts_service] AndroidManifest.xml:16:9-23:18
29            <action android:name="android.intent.action.VIEW" />
29-->[:contacts_service] AndroidManifest.xml:17:13-65
29-->[:contacts_service] AndroidManifest.xml:17:21-62
30
31            <data
31-->[:contacts_service] AndroidManifest.xml:19:13-22:44
32                android:host="com.android.contacts"
32-->[:contacts_service] AndroidManifest.xml:20:17-52
33                android:mimeType="vnd.android.cursor.item/*"
33-->[:contacts_service] AndroidManifest.xml:21:17-61
34                android:scheme="content" />
34-->[:contacts_service] AndroidManifest.xml:22:17-41
35        </intent>
36    </queries>
37
38    <uses-permission android:name="android.permission.READ_EXTERNAL_STORAGE" />
38-->[:image_picker_saver] AndroidManifest.xml:7:5-80
38-->[:image_picker_saver] AndroidManifest.xml:7:22-77
39    <uses-permission android:name="android.permission.WRITE_EXTERNAL_STORAGE" /> <!-- For grabing a picture no permission is required according to https://pub.dev/packages/image_picker -->
39-->[:image_picker_saver] AndroidManifest.xml:8:5-81
39-->[:image_picker_saver] AndroidManifest.xml:8:22-78
40    <application
40-->src/main/AndroidManifest.xml:18:4-55:19
41        android:appComponentFactory="androidx.core.app.CoreComponentFactory"
41-->[androidx.core:core:1.1.0] AndroidManifest.xml:24:18-86
42        android:icon="@mipmap/ic_launcher"
42-->src/main/AndroidManifest.xml:20:9-43
43        android:label="flutter2_contact_picker" >
43-->src/main/AndroidManifest.xml:19:9-48
44        <activity
44-->src/main/AndroidManifest.xml:21:9-49:20
45            android:name="com.example.flutter2_contact_picker.MainActivity"
45-->src/main/AndroidManifest.xml:22:13-41
46            android:configChanges="orientation|keyboardHidden|keyboard|screenSize|smallestScreenSize|locale|layoutDirection|fontScale|screenLayout|density|uiMode"
46-->src/main/AndroidManifest.xml:25:13-163
47            android:hardwareAccelerated="true"
47-->src/main/AndroidManifest.xml:26:13-47
48            android:launchMode="singleTop"
48-->src/main/AndroidManifest.xml:23:13-43
49            android:theme="@style/LaunchTheme"
49-->src/main/AndroidManifest.xml:24:13-47
50            android:windowSoftInputMode="adjustResize" >
50-->src/main/AndroidManifest.xml:27:13-55
51
52            <!--
53                 Specifies an Android theme to apply to this Activity as soon as
54                 the Android process has started. This theme is visible to the user
55                 while the Flutter UI initializes. After that, this theme continues
56                 to determine the Window background behind the Flutter UI.
57            -->
58            <meta-data
58-->src/main/AndroidManifest.xml:32:13-35:17
59                android:name="io.flutter.embedding.android.NormalTheme"
59-->src/main/AndroidManifest.xml:33:15-70
60                android:resource="@style/NormalTheme" />
60-->src/main/AndroidManifest.xml:34:15-52
61            <!--
62                 Displays an Android View that continues showing the launch screen
63                 Drawable until Flutter paints its first frame, then this splash
64                 screen fades out. A splash screen is useful to avoid any visual
65                 gap between the end of Android's launch screen and the painting of
66                 Flutter's first frame.
67            -->
68            <meta-data
68-->src/main/AndroidManifest.xml:41:13-44:17
69                android:name="io.flutter.embedding.android.SplashScreenDrawable"
69-->src/main/AndroidManifest.xml:42:15-79
70                android:resource="@drawable/launch_background" />
70-->src/main/AndroidManifest.xml:43:15-61
71
72            <intent-filter>
72-->src/main/AndroidManifest.xml:45:13-48:29
73                <action android:name="android.intent.action.MAIN" />
73-->src/main/AndroidManifest.xml:46:17-68
73-->src/main/AndroidManifest.xml:46:25-66
74
75                <category android:name="android.intent.category.LAUNCHER" />
75-->src/main/AndroidManifest.xml:47:17-76
75-->src/main/AndroidManifest.xml:47:27-74
76            </intent-filter>
77        </activity>
78        <!--
79             Don't delete the meta-data below.
80             This is used by the Flutter tool to generate GeneratedPluginRegistrant.java
81        -->
82        <meta-data
82-->src/main/AndroidManifest.xml:52:9-54:33
83            android:name="flutterEmbedding"
83-->src/main/AndroidManifest.xml:53:13-44
84            android:value="2" />
84-->src/main/AndroidManifest.xml:54:13-30
85
86        <provider
86-->[:image_picker] AndroidManifest.xml:8:9-16:20
87            android:name="io.flutter.plugins.imagepicker.ImagePickerFileProvider"
87-->[:image_picker] AndroidManifest.xml:9:13-82
88            android:authorities="com.example.flutter2_contact_picker.flutter.image_provider"
88-->[:image_picker] AndroidManifest.xml:10:13-74
89            android:exported="false"
89-->[:image_picker] AndroidManifest.xml:11:13-37
90            android:grantUriPermissions="true" >
90-->[:image_picker] AndroidManifest.xml:12:13-47
91            <meta-data
91-->[:image_picker] AndroidManifest.xml:13:13-15:75
92                android:name="android.support.FILE_PROVIDER_PATHS"
92-->[:image_picker] AndroidManifest.xml:14:17-67
93                android:resource="@xml/flutter_image_picker_file_paths" />
93-->[:image_picker] AndroidManifest.xml:15:17-72
94        </provider>
95        <provider
95-->[:image_picker_saver] AndroidManifest.xml:12:9-20:20
96            android:name="io.flutter.plugins.imagepickersaver.ImagePickerFileProvider"
96-->[:image_picker_saver] AndroidManifest.xml:13:13-87
97            android:authorities="com.example.flutter2_contact_picker.flutter.image_provider"
97-->[:image_picker_saver] AndroidManifest.xml:14:13-74
98            android:exported="false"
98-->[:image_picker_saver] AndroidManifest.xml:15:13-37
99            android:grantUriPermissions="true" >
99-->[:image_picker_saver] AndroidManifest.xml:16:13-47
100            <meta-data
100-->[:image_picker] AndroidManifest.xml:13:13-15:75
101                android:name="android.support.FILE_PROVIDER_PATHS"
101-->[:image_picker] AndroidManifest.xml:14:17-67
102                android:resource="@xml/flutter_image_picker_file_paths" />
102-->[:image_picker] AndroidManifest.xml:15:17-72
103        </provider>
104    </application>
105
106</manifest>